{"/Users/derekokuno/codesmith/SoloProjectVirtualWardrobe/server/authConfig.js": {"path":"/Users/derekokuno/codesmith/SoloProjectVirtualWardrobe/server/authConfig.js","statementMap":{"0":{"start":{"line":1,"column":17},"end":{"line":1,"column":36}},"1":{"start":{"line":2,"column":23},"end":{"line":2,"column":66}},"2":{"start":{"line":3,"column":13},"end":{"line":3,"column":35}},"3":{"start":{"line":5,"column":0},"end":{"line":22,"column":2}},"4":{"start":{"line":17,"column":6},"end":{"line":17,"column":61}},"5":{"start":{"line":18,"column":6},"end":{"line":18,"column":26}},"6":{"start":{"line":19,"column":6},"end":{"line":19,"column":31}},"7":{"start":{"line":24,"column":0},"end":{"line":26,"column":3}},"8":{"start":{"line":25,"column":2},"end":{"line":25,"column":19}},"9":{"start":{"line":28,"column":0},"end":{"line":30,"column":3}},"10":{"start":{"line":29,"column":2},"end":{"line":29,"column":19}},"11":{"start":{"line":34,"column":2},"end":{"line":49,"column":3}},"12":{"start":{"line":36,"column":15},"end":{"line":36,"column":69}},"13":{"start":{"line":39,"column":4},"end":{"line":46,"column":5}},"14":{"start":{"line":40,"column":6},"end":{"line":40,"column":18}},"15":{"start":{"line":43,"column":6},"end":{"line":43,"column":43}},"16":{"start":{"line":44,"column":6},"end":{"line":44,"column":24}},"17":{"start":{"line":45,"column":6},"end":{"line":45,"column":18}},"18":{"start":{"line":48,"column":4},"end":{"line":48,"column":16}}},"fnMap":{"0":{"name":"(anonymous_0)","decl":{"start":{"line":13,"column":4},"end":{"line":13,"column":5}},"loc":{"start":{"line":13,"column":59},"end":{"line":20,"column":5}},"line":13},"1":{"name":"(anonymous_1)","decl":{"start":{"line":24,"column":23},"end":{"line":24,"column":24}},"loc":{"start":{"line":24,"column":39},"end":{"line":26,"column":1}},"line":24},"2":{"name":"(anonymous_2)","decl":{"start":{"line":28,"column":25},"end":{"line":28,"column":26}},"loc":{"start":{"line":28,"column":41},"end":{"line":30,"column":1}},"line":28},"3":{"name":"findOrCreate","decl":{"start":{"line":33,"column":15},"end":{"line":33,"column":27}},"loc":{"start":{"line":33,"column":45},"end":{"line":50,"column":1}},"line":33}},"branchMap":{"0":{"loc":{"start":{"line":39,"column":4},"end":{"line":46,"column":5}},"type":"if","locations":[{"start":{"line":39,"column":4},"end":{"line":46,"column":5}},{"start":{"line":41,"column":11},"end":{"line":46,"column":5}}],"line":39}},"s":{"0":3,"1":3,"2":3,"3":3,"4":0,"5":0,"6":0,"7":3,"8":0,"9":3,"10":0,"11":0,"12":0,"13":0,"14":0,"15":0,"16":0,"17":0,"18":0},"f":{"0":0,"1":0,"2":0,"3":0},"b":{"0":[0,0]},"_coverageSchema":"1a1c01bbd47fc00a2c39e90264f33305004495a9","hash":"c08d1610ee476e787ca1c04a2f562dc13156b4ae"}
,"/Users/derekokuno/codesmith/SoloProjectVirtualWardrobe/server/controllers.js": {"path":"/Users/derekokuno/codesmith/SoloProjectVirtualWardrobe/server/controllers.js","statementMap":{"0":{"start":{"line":1,"column":30},"end":{"line":1,"column":49}},"1":{"start":{"line":3,"column":31},"end":{"line":12,"column":1}},"2":{"start":{"line":4,"column":2},"end":{"line":11,"column":5}},"3":{"start":{"line":5,"column":4},"end":{"line":10,"column":5}},"4":{"start":{"line":6,"column":6},"end":{"line":6,"column":27}},"5":{"start":{"line":7,"column":6},"end":{"line":7,"column":32}},"6":{"start":{"line":9,"column":6},"end":{"line":9,"column":34}},"7":{"start":{"line":14,"column":26},"end":{"line":57,"column":1}},"8":{"start":{"line":15,"column":2},"end":{"line":17,"column":3}},"9":{"start":{"line":16,"column":4},"end":{"line":16,"column":66}},"10":{"start":{"line":18,"column":2},"end":{"line":56,"column":3}},"11":{"start":{"line":19,"column":17},"end":{"line":28,"column":6}},"12":{"start":{"line":29,"column":4},"end":{"line":35,"column":5}},"13":{"start":{"line":30,"column":6},"end":{"line":30,"column":24}},"14":{"start":{"line":31,"column":6},"end":{"line":31,"column":68}},"15":{"start":{"line":33,"column":6},"end":{"line":33,"column":49}},"16":{"start":{"line":34,"column":6},"end":{"line":34,"column":66}},"17":{"start":{"line":39,"column":17},"end":{"line":48,"column":6}},"18":{"start":{"line":49,"column":4},"end":{"line":55,"column":5}},"19":{"start":{"line":50,"column":6},"end":{"line":50,"column":24}},"20":{"start":{"line":51,"column":6},"end":{"line":51,"column":68}},"21":{"start":{"line":53,"column":6},"end":{"line":53,"column":49}},"22":{"start":{"line":54,"column":6},"end":{"line":54,"column":66}},"23":{"start":{"line":59,"column":26},"end":{"line":72,"column":1}},"24":{"start":{"line":60,"column":17},"end":{"line":60,"column":27}},"25":{"start":{"line":61,"column":2},"end":{"line":71,"column":3}},"26":{"start":{"line":62,"column":17},"end":{"line":62,"column":42}},"27":{"start":{"line":63,"column":4},"end":{"line":67,"column":5}},"28":{"start":{"line":64,"column":6},"end":{"line":64,"column":66}},"29":{"start":{"line":66,"column":6},"end":{"line":66,"column":21}},"30":{"start":{"line":69,"column":4},"end":{"line":69,"column":23}},"31":{"start":{"line":70,"column":4},"end":{"line":70,"column":79}},"32":{"start":{"line":74,"column":29},"end":{"line":88,"column":1}},"33":{"start":{"line":75,"column":17},"end":{"line":75,"column":34}},"34":{"start":{"line":77,"column":2},"end":{"line":87,"column":3}},"35":{"start":{"line":78,"column":24},"end":{"line":78,"column":58}},"36":{"start":{"line":80,"column":4},"end":{"line":82,"column":5}},"37":{"start":{"line":81,"column":6},"end":{"line":81,"column":66}},"38":{"start":{"line":83,"column":4},"end":{"line":83,"column":68}},"39":{"start":{"line":85,"column":4},"end":{"line":85,"column":49}},"40":{"start":{"line":86,"column":4},"end":{"line":86,"column":64}},"41":{"start":{"line":90,"column":29},"end":{"line":98,"column":1}},"42":{"start":{"line":91,"column":2},"end":{"line":97,"column":4}},"43":{"start":{"line":92,"column":4},"end":{"line":96,"column":5}},"44":{"start":{"line":93,"column":6},"end":{"line":93,"column":45}},"45":{"start":{"line":95,"column":6},"end":{"line":95,"column":36}},"46":{"start":{"line":100,"column":28},"end":{"line":115,"column":1}},"47":{"start":{"line":101,"column":2},"end":{"line":103,"column":3}},"48":{"start":{"line":102,"column":4},"end":{"line":102,"column":66}},"49":{"start":{"line":104,"column":17},"end":{"line":107,"column":4}},"50":{"start":{"line":108,"column":2},"end":{"line":114,"column":3}},"51":{"start":{"line":109,"column":4},"end":{"line":109,"column":24}},"52":{"start":{"line":110,"column":4},"end":{"line":110,"column":54}},"53":{"start":{"line":112,"column":4},"end":{"line":112,"column":49}},"54":{"start":{"line":113,"column":4},"end":{"line":113,"column":64}},"55":{"start":{"line":117,"column":31},"end":{"line":129,"column":1}},"56":{"start":{"line":118,"column":21},"end":{"line":118,"column":41}},"57":{"start":{"line":119,"column":2},"end":{"line":128,"column":3}},"58":{"start":{"line":120,"column":26},"end":{"line":120,"column":66}},"59":{"start":{"line":121,"column":4},"end":{"line":123,"column":5}},"60":{"start":{"line":122,"column":6},"end":{"line":122,"column":68}},"61":{"start":{"line":124,"column":4},"end":{"line":124,"column":70}},"62":{"start":{"line":126,"column":4},"end":{"line":126,"column":51}},"63":{"start":{"line":127,"column":4},"end":{"line":127,"column":64}},"64":{"start":{"line":132,"column":0},"end":{"line":140,"column":2}}},"fnMap":{"0":{"name":"(anonymous_0)","decl":{"start":{"line":3,"column":31},"end":{"line":3,"column":32}},"loc":{"start":{"line":3,"column":45},"end":{"line":12,"column":1}},"line":3},"1":{"name":"(anonymous_1)","decl":{"start":{"line":4,"column":16},"end":{"line":4,"column":17}},"loc":{"start":{"line":4,"column":32},"end":{"line":11,"column":3}},"line":4},"2":{"name":"(anonymous_2)","decl":{"start":{"line":14,"column":26},"end":{"line":14,"column":27}},"loc":{"start":{"line":14,"column":52},"end":{"line":57,"column":1}},"line":14},"3":{"name":"(anonymous_3)","decl":{"start":{"line":59,"column":26},"end":{"line":59,"column":27}},"loc":{"start":{"line":59,"column":46},"end":{"line":72,"column":1}},"line":59},"4":{"name":"(anonymous_4)","decl":{"start":{"line":74,"column":29},"end":{"line":74,"column":30}},"loc":{"start":{"line":74,"column":49},"end":{"line":88,"column":1}},"line":74},"5":{"name":"(anonymous_5)","decl":{"start":{"line":90,"column":29},"end":{"line":90,"column":30}},"loc":{"start":{"line":90,"column":49},"end":{"line":98,"column":1}},"line":90},"6":{"name":"(anonymous_6)","decl":{"start":{"line":91,"column":18},"end":{"line":91,"column":19}},"loc":{"start":{"line":91,"column":36},"end":{"line":97,"column":3}},"line":91},"7":{"name":"(anonymous_7)","decl":{"start":{"line":100,"column":28},"end":{"line":100,"column":29}},"loc":{"start":{"line":100,"column":48},"end":{"line":115,"column":1}},"line":100},"8":{"name":"(anonymous_8)","decl":{"start":{"line":117,"column":31},"end":{"line":117,"column":32}},"loc":{"start":{"line":117,"column":51},"end":{"line":129,"column":1}},"line":117}},"branchMap":{"0":{"loc":{"start":{"line":5,"column":4},"end":{"line":10,"column":5}},"type":"if","locations":[{"start":{"line":5,"column":4},"end":{"line":10,"column":5}},{"start":{"line":8,"column":11},"end":{"line":10,"column":5}}],"line":5},"1":{"loc":{"start":{"line":15,"column":2},"end":{"line":17,"column":3}},"type":"if","locations":[{"start":{"line":15,"column":2},"end":{"line":17,"column":3}},{"start":{},"end":{}}],"line":15},"2":{"loc":{"start":{"line":15,"column":6},"end":{"line":15,"column":33}},"type":"binary-expr","locations":[{"start":{"line":15,"column":6},"end":{"line":15,"column":15}},{"start":{"line":15,"column":19},"end":{"line":15,"column":33}}],"line":15},"3":{"loc":{"start":{"line":18,"column":2},"end":{"line":56,"column":3}},"type":"if","locations":[{"start":{"line":18,"column":2},"end":{"line":56,"column":3}},{"start":{"line":38,"column":7},"end":{"line":56,"column":3}}],"line":18},"4":{"loc":{"start":{"line":63,"column":4},"end":{"line":67,"column":5}},"type":"if","locations":[{"start":{"line":63,"column":4},"end":{"line":67,"column":5}},{"start":{"line":65,"column":11},"end":{"line":67,"column":5}}],"line":63},"5":{"loc":{"start":{"line":80,"column":4},"end":{"line":82,"column":5}},"type":"if","locations":[{"start":{"line":80,"column":4},"end":{"line":82,"column":5}},{"start":{},"end":{}}],"line":80},"6":{"loc":{"start":{"line":92,"column":4},"end":{"line":96,"column":5}},"type":"if","locations":[{"start":{"line":92,"column":4},"end":{"line":96,"column":5}},{"start":{"line":94,"column":11},"end":{"line":96,"column":5}}],"line":92},"7":{"loc":{"start":{"line":101,"column":2},"end":{"line":103,"column":3}},"type":"if","locations":[{"start":{"line":101,"column":2},"end":{"line":103,"column":3}},{"start":{},"end":{}}],"line":101},"8":{"loc":{"start":{"line":121,"column":4},"end":{"line":123,"column":5}},"type":"if","locations":[{"start":{"line":121,"column":4},"end":{"line":123,"column":5}},{"start":{},"end":{}}],"line":121}},"s":{"0":3,"1":3,"2":1,"3":1,"4":0,"5":0,"6":1,"7":3,"8":1,"9":0,"10":1,"11":0,"12":0,"13":0,"14":0,"15":0,"16":0,"17":1,"18":1,"19":1,"20":1,"21":0,"22":0,"23":3,"24":2,"25":2,"26":2,"27":2,"28":1,"29":1,"30":0,"31":0,"32":3,"33":2,"34":2,"35":2,"36":2,"37":1,"38":1,"39":0,"40":0,"41":3,"42":2,"43":2,"44":0,"45":2,"46":3,"47":1,"48":0,"49":1,"50":1,"51":1,"52":1,"53":0,"54":0,"55":3,"56":2,"57":2,"58":2,"59":2,"60":1,"61":1,"62":0,"63":0,"64":3},"f":{"0":1,"1":1,"2":1,"3":2,"4":2,"5":2,"6":2,"7":1,"8":2},"b":{"0":[0,1],"1":[0,1],"2":[1,1],"3":[0,1],"4":[1,1],"5":[1,1],"6":[0,2],"7":[0,1],"8":[1,1]},"_coverageSchema":"1a1c01bbd47fc00a2c39e90264f33305004495a9","hash":"d70f120e017b2dcc5cc4f0586ea22262cf79001f"}
,"/Users/derekokuno/codesmith/SoloProjectVirtualWardrobe/server/mockData.js": {"path":"/Users/derekokuno/codesmith/SoloProjectVirtualWardrobe/server/mockData.js","statementMap":{"0":{"start":{"line":1,"column":27},"end":{"line":1,"column":200}},"1":{"start":{"line":2,"column":24},"end":{"line":2,"column":2230859}}},"fnMap":{},"branchMap":{},"s":{"0":1,"1":1},"f":{},"b":{},"_coverageSchema":"1a1c01bbd47fc00a2c39e90264f33305004495a9","hash":"4b6b683db00c93eb3c73305cce42149fe0c175b9"}
,"/Users/derekokuno/codesmith/SoloProjectVirtualWardrobe/server/models.js": {"path":"/Users/derekokuno/codesmith/SoloProjectVirtualWardrobe/server/models.js","statementMap":{"0":{"start":{"line":1,"column":17},"end":{"line":1,"column":36}},"1":{"start":{"line":2,"column":15},"end":{"line":2,"column":30}},"2":{"start":{"line":4,"column":19},"end":{"line":7,"column":2}},"3":{"start":{"line":8,"column":13},"end":{"line":8,"column":48}},"4":{"start":{"line":10,"column":19},"end":{"line":19,"column":2}},"5":{"start":{"line":20,"column":13},"end":{"line":20,"column":47}},"6":{"start":{"line":22,"column":21},"end":{"line":25,"column":2}},"7":{"start":{"line":26,"column":15},"end":{"line":26,"column":53}},"8":{"start":{"line":28,"column":0},"end":{"line":32,"column":1}}},"fnMap":{},"branchMap":{},"s":{"0":3,"1":3,"2":3,"3":3,"4":3,"5":3,"6":3,"7":3,"8":3},"f":{},"b":{},"_coverageSchema":"1a1c01bbd47fc00a2c39e90264f33305004495a9","hash":"163b442e2feaa184aef7f08c33d0053a7e3ad032"}
,"/Users/derekokuno/codesmith/SoloProjectVirtualWardrobe/server/router.js": {"path":"/Users/derekokuno/codesmith/SoloProjectVirtualWardrobe/server/router.js","statementMap":{"0":{"start":{"line":1,"column":0},"end":{"line":1,"column":27}},"1":{"start":{"line":2,"column":0},"end":{"line":2,"column":24}},"2":{"start":{"line":3,"column":16},"end":{"line":3,"column":34}},"3":{"start":{"line":4,"column":16},"end":{"line":4,"column":42}},"4":{"start":{"line":5,"column":17},"end":{"line":5,"column":36}},"5":{"start":{"line":6,"column":15},"end":{"line":6,"column":32}},"6":{"start":{"line":7,"column":13},"end":{"line":7,"column":28}},"7":{"start":{"line":8,"column":31},"end":{"line":8,"column":53}},"8":{"start":{"line":9,"column":17},"end":{"line":9,"column":36}},"9":{"start":{"line":18,"column":4},"end":{"line":18,"column":31}},"10":{"start":{"line":20,"column":15},"end":{"line":20,"column":31}},"11":{"start":{"line":22,"column":0},"end":{"line":22,"column":27}},"12":{"start":{"line":23,"column":0},"end":{"line":23,"column":51}},"13":{"start":{"line":24,"column":0},"end":{"line":30,"column":2}},"14":{"start":{"line":32,"column":0},"end":{"line":32,"column":34}},"15":{"start":{"line":33,"column":0},"end":{"line":33,"column":31}},"16":{"start":{"line":35,"column":0},"end":{"line":35,"column":93}},"17":{"start":{"line":36,"column":0},"end":{"line":41,"column":3}},"18":{"start":{"line":38,"column":2},"end":{"line":38,"column":41}},"19":{"start":{"line":40,"column":2},"end":{"line":40,"column":20}},"20":{"start":{"line":42,"column":0},"end":{"line":49,"column":3}},"21":{"start":{"line":43,"column":2},"end":{"line":43,"column":30}},"22":{"start":{"line":44,"column":2},"end":{"line":48,"column":5}},"23":{"start":{"line":45,"column":4},"end":{"line":45,"column":34}},"24":{"start":{"line":45,"column":15},"end":{"line":45,"column":32}},"25":{"start":{"line":47,"column":4},"end":{"line":47,"column":22}},"26":{"start":{"line":51,"column":16},"end":{"line":51,"column":38}},"27":{"start":{"line":52,"column":15},"end":{"line":52,"column":34}},"28":{"start":{"line":55,"column":0},"end":{"line":55,"column":49}},"29":{"start":{"line":56,"column":0},"end":{"line":56,"column":68}},"30":{"start":{"line":57,"column":0},"end":{"line":57,"column":48}},"31":{"start":{"line":58,"column":0},"end":{"line":58,"column":58}},"32":{"start":{"line":60,"column":0},"end":{"line":60,"column":49}},"33":{"start":{"line":61,"column":0},"end":{"line":61,"column":49}},"34":{"start":{"line":62,"column":0},"end":{"line":62,"column":65}},"35":{"start":{"line":64,"column":0},"end":{"line":66,"column":3}},"36":{"start":{"line":65,"column":2},"end":{"line":65,"column":65}},"37":{"start":{"line":68,"column":0},"end":{"line":76,"column":3}},"38":{"start":{"line":69,"column":23},"end":{"line":73,"column":5}},"39":{"start":{"line":74,"column":21},"end":{"line":74,"column":55}},"40":{"start":{"line":75,"column":4},"end":{"line":75,"column":62}},"41":{"start":{"line":78,"column":0},"end":{"line":78,"column":24}}},"fnMap":{"0":{"name":"(anonymous_0)","decl":{"start":{"line":36,"column":95},"end":{"line":36,"column":96}},"loc":{"start":{"line":36,"column":109},"end":{"line":41,"column":1}},"line":36},"1":{"name":"(anonymous_1)","decl":{"start":{"line":42,"column":22},"end":{"line":42,"column":23}},"loc":{"start":{"line":42,"column":36},"end":{"line":49,"column":1}},"line":42},"2":{"name":"(anonymous_2)","decl":{"start":{"line":44,"column":13},"end":{"line":44,"column":14}},"loc":{"start":{"line":44,"column":22},"end":{"line":48,"column":3}},"line":44},"3":{"name":"(anonymous_3)","decl":{"start":{"line":64,"column":16},"end":{"line":64,"column":17}},"loc":{"start":{"line":64,"column":30},"end":{"line":66,"column":1}},"line":64},"4":{"name":"(anonymous_4)","decl":{"start":{"line":68,"column":11},"end":{"line":68,"column":12}},"loc":{"start":{"line":68,"column":36},"end":{"line":76,"column":1}},"line":68}},"branchMap":{"0":{"loc":{"start":{"line":45,"column":4},"end":{"line":45,"column":34}},"type":"if","locations":[{"start":{"line":45,"column":4},"end":{"line":45,"column":34}},{"start":{},"end":{}}],"line":45}},"s":{"0":3,"1":3,"2":3,"3":3,"4":3,"5":3,"6":3,"7":3,"8":3,"9":3,"10":3,"11":3,"12":3,"13":3,"14":3,"15":3,"16":3,"17":3,"18":0,"19":0,"20":3,"21":0,"22":0,"23":0,"24":0,"25":0,"26":3,"27":3,"28":3,"29":3,"30":3,"31":3,"32":3,"33":3,"34":3,"35":3,"36":0,"37":3,"38":0,"39":0,"40":0,"41":3},"f":{"0":0,"1":0,"2":0,"3":0,"4":0},"b":{"0":[0,0]},"_coverageSchema":"1a1c01bbd47fc00a2c39e90264f33305004495a9","hash":"9d8db342753900492cf8be1197bb32da9bec6fe8"}
,"/Users/derekokuno/codesmith/SoloProjectVirtualWardrobe/src/actions/actions.js": {"path":"/Users/derekokuno/codesmith/SoloProjectVirtualWardrobe/src/actions/actions.js","statementMap":{"0":{"start":{"line":4,"column":25},"end":{"line":7,"column":2}},"1":{"start":{"line":4,"column":39},"end":{"line":7,"column":1}},"2":{"start":{"line":9,"column":26},"end":{"line":11,"column":2}},"3":{"start":{"line":9,"column":33},"end":{"line":11,"column":1}},"4":{"start":{"line":13,"column":41},"end":{"line":16,"column":2}},"5":{"start":{"line":13,"column":52},"end":{"line":16,"column":1}},"6":{"start":{"line":18,"column":36},"end":{"line":26,"column":2}},"7":{"start":{"line":18,"column":85},"end":{"line":26,"column":1}},"8":{"start":{"line":28,"column":39},"end":{"line":31,"column":2}},"9":{"start":{"line":28,"column":72},"end":{"line":31,"column":1}},"10":{"start":{"line":33,"column":39},"end":{"line":36,"column":2}},"11":{"start":{"line":33,"column":70},"end":{"line":36,"column":1}}},"fnMap":{"0":{"name":"(anonymous_0)","decl":{"start":{"line":4,"column":25},"end":{"line":4,"column":26}},"loc":{"start":{"line":4,"column":39},"end":{"line":7,"column":1}},"line":4},"1":{"name":"(anonymous_1)","decl":{"start":{"line":9,"column":26},"end":{"line":9,"column":27}},"loc":{"start":{"line":9,"column":33},"end":{"line":11,"column":1}},"line":9},"2":{"name":"(anonymous_2)","decl":{"start":{"line":13,"column":41},"end":{"line":13,"column":42}},"loc":{"start":{"line":13,"column":52},"end":{"line":16,"column":1}},"line":13},"3":{"name":"(anonymous_3)","decl":{"start":{"line":18,"column":36},"end":{"line":18,"column":37}},"loc":{"start":{"line":18,"column":85},"end":{"line":26,"column":1}},"line":18},"4":{"name":"(anonymous_4)","decl":{"start":{"line":28,"column":39},"end":{"line":28,"column":40}},"loc":{"start":{"line":28,"column":72},"end":{"line":31,"column":1}},"line":28},"5":{"name":"(anonymous_5)","decl":{"start":{"line":33,"column":39},"end":{"line":33,"column":40}},"loc":{"start":{"line":33,"column":70},"end":{"line":36,"column":1}},"line":33}},"branchMap":{},"s":{"0":1,"1":0,"2":1,"3":0,"4":1,"5":0,"6":1,"7":0,"8":1,"9":0,"10":1,"11":0},"f":{"0":0,"1":0,"2":0,"3":0,"4":0,"5":0},"b":{},"_coverageSchema":"1a1c01bbd47fc00a2c39e90264f33305004495a9","hash":"22f231e83e60c63cbf6a4bd76e7a8476028039b2"}
,"/Users/derekokuno/codesmith/SoloProjectVirtualWardrobe/src/components/Header.jsx": {"path":"/Users/derekokuno/codesmith/SoloProjectVirtualWardrobe/src/components/Header.jsx","statementMap":{"0":{"start":{"line":6,"column":15},"end":{"line":140,"column":1}},"1":{"start":{"line":8,"column":40},"end":{"line":8,"column":55}},"2":{"start":{"line":9,"column":40},"end":{"line":9,"column":55}},"3":{"start":{"line":11,"column":24},"end":{"line":13,"column":5}},"4":{"start":{"line":12,"column":8},"end":{"line":12,"column":33}},"5":{"start":{"line":14,"column":24},"end":{"line":16,"column":5}},"6":{"start":{"line":15,"column":8},"end":{"line":15,"column":33}},"7":{"start":{"line":19,"column":8},"end":{"line":29,"column":14}},"8":{"start":{"line":32,"column":8},"end":{"line":43,"column":14}},"9":{"start":{"line":46,"column":8},"end":{"line":54,"column":14}},"10":{"start":{"line":57,"column":8},"end":{"line":64,"column":14}},"11":{"start":{"line":67,"column":8},"end":{"line":76,"column":14}},"12":{"start":{"line":67,"column":106},"end":{"line":67,"column":120}},"13":{"start":{"line":67,"column":120},"end":{"line":67,"column":134}},"14":{"start":{"line":79,"column":8},"end":{"line":94,"column":15}},"15":{"start":{"line":97,"column":8},"end":{"line":106,"column":14}},"16":{"start":{"line":109,"column":4},"end":{"line":139,"column":5}},"17":{"start":{"line":110,"column":8},"end":{"line":123,"column":9}},"18":{"start":{"line":124,"column":11},"end":{"line":139,"column":5}},"19":{"start":{"line":125,"column":8},"end":{"line":138,"column":9}}},"fnMap":{"0":{"name":"(anonymous_0)","decl":{"start":{"line":6,"column":15},"end":{"line":6,"column":16}},"loc":{"start":{"line":6,"column":27},"end":{"line":140,"column":1}},"line":6},"1":{"name":"(anonymous_1)","decl":{"start":{"line":11,"column":24},"end":{"line":11,"column":25}},"loc":{"start":{"line":11,"column":30},"end":{"line":13,"column":5}},"line":11},"2":{"name":"(anonymous_2)","decl":{"start":{"line":14,"column":24},"end":{"line":14,"column":25}},"loc":{"start":{"line":14,"column":30},"end":{"line":16,"column":5}},"line":14},"3":{"name":"(anonymous_3)","decl":{"start":{"line":67,"column":101},"end":{"line":67,"column":102}},"loc":{"start":{"line":67,"column":105},"end":{"line":67,"column":135}},"line":67}},"branchMap":{"0":{"loc":{"start":{"line":67,"column":45},"end":{"line":67,"column":90}},"type":"cond-expr","locations":[{"start":{"line":67,"column":57},"end":{"line":67,"column":73}},{"start":{"line":67,"column":75},"end":{"line":67,"column":90}}],"line":67},"1":{"loc":{"start":{"line":109,"column":4},"end":{"line":139,"column":5}},"type":"if","locations":[{"start":{"line":109,"column":4},"end":{"line":139,"column":5}},{"start":{"line":124,"column":11},"end":{"line":139,"column":5}}],"line":109},"2":{"loc":{"start":{"line":117,"column":30},"end":{"line":117,"column":120}},"type":"cond-expr","locations":[{"start":{"line":117,"column":42},"end":{"line":117,"column":113}},{"start":{"line":117,"column":116},"end":{"line":117,"column":120}}],"line":117},"3":{"loc":{"start":{"line":124,"column":11},"end":{"line":139,"column":5}},"type":"if","locations":[{"start":{"line":124,"column":11},"end":{"line":139,"column":5}},{"start":{},"end":{}}],"line":124},"4":{"loc":{"start":{"line":132,"column":26},"end":{"line":132,"column":116}},"type":"cond-expr","locations":[{"start":{"line":132,"column":38},"end":{"line":132,"column":109}},{"start":{"line":132,"column":112},"end":{"line":132,"column":116}}],"line":132}},"s":{"0":1,"1":0,"2":0,"3":0,"4":0,"5":0,"6":0,"7":0,"8":0,"9":0,"10":0,"11":0,"12":0,"13":0,"14":0,"15":0,"16":0,"17":0,"18":0,"19":0},"f":{"0":0,"1":0,"2":0,"3":0},"b":{"0":[0,0],"1":[0,0],"2":[0,0],"3":[0,0],"4":[0,0]},"_coverageSchema":"1a1c01bbd47fc00a2c39e90264f33305004495a9","hash":"006440b7fdc8deb8415b67e2be6fa5fdce6dbf45"}
,"/Users/derekokuno/codesmith/SoloProjectVirtualWardrobe/src/components/ItemCreatorModal.jsx": {"path":"/Users/derekokuno/codesmith/SoloProjectVirtualWardrobe/src/components/ItemCreatorModal.jsx","statementMap":{"0":{"start":{"line":7,"column":32},"end":{"line":134,"column":1}},"1":{"start":{"line":8,"column":16},"end":{"line":8,"column":45}},"2":{"start":{"line":8,"column":39},"end":{"line":8,"column":44}},"3":{"start":{"line":9,"column":19},"end":{"line":9,"column":32}},"4":{"start":{"line":11,"column":42},"end":{"line":11,"column":56}},"5":{"start":{"line":12,"column":30},"end":{"line":12,"column":42}},"6":{"start":{"line":13,"column":32},"end":{"line":13,"column":44}},"7":{"start":{"line":14,"column":30},"end":{"line":14,"column":42}},"8":{"start":{"line":15,"column":32},"end":{"line":15,"column":44}},"9":{"start":{"line":16,"column":30},"end":{"line":16,"column":42}},"10":{"start":{"line":18,"column":18},"end":{"line":20,"column":3}},"11":{"start":{"line":19,"column":4},"end":{"line":19,"column":81}},"12":{"start":{"line":22,"column":31},"end":{"line":24,"column":3}},"13":{"start":{"line":23,"column":4},"end":{"line":23,"column":28}},"14":{"start":{"line":26,"column":28},"end":{"line":28,"column":3}},"15":{"start":{"line":27,"column":4},"end":{"line":27,"column":29}},"16":{"start":{"line":29,"column":27},"end":{"line":31,"column":3}},"17":{"start":{"line":30,"column":4},"end":{"line":30,"column":28}},"18":{"start":{"line":33,"column":27},"end":{"line":36,"column":3}},"19":{"start":{"line":34,"column":17},"end":{"line":34,"column":34}},"20":{"start":{"line":35,"column":4},"end":{"line":35,"column":26}},"21":{"start":{"line":38,"column":2},"end":{"line":133,"column":4}},"22":{"start":{"line":91,"column":83},"end":{"line":91,"column":107}},"23":{"start":{"line":94,"column":82},"end":{"line":94,"column":105}},"24":{"start":{"line":102,"column":12},"end":{"line":102,"column":65}},"25":{"start":{"line":104,"column":31},"end":{"line":104,"column":50}},"26":{"start":{"line":106,"column":12},"end":{"line":106,"column":49}},"27":{"start":{"line":108,"column":29},"end":{"line":108,"column":43}},"28":{"start":{"line":109,"column":12},"end":{"line":109,"column":50}},"29":{"start":{"line":110,"column":12},"end":{"line":110,"column":48}},"30":{"start":{"line":111,"column":12},"end":{"line":111,"column":46}},"31":{"start":{"line":112,"column":12},"end":{"line":112,"column":46}},"32":{"start":{"line":113,"column":12},"end":{"line":113,"column":48}},"33":{"start":{"line":114,"column":12},"end":{"line":114,"column":48}},"34":{"start":{"line":115,"column":12},"end":{"line":115,"column":46}},"35":{"start":{"line":117,"column":12},"end":{"line":127,"column":17}},"36":{"start":{"line":121,"column":34},"end":{"line":121,"column":49}},"37":{"start":{"line":123,"column":16},"end":{"line":123,"column":34}},"38":{"start":{"line":126,"column":16},"end":{"line":126,"column":47}},"39":{"start":{"line":129,"column":55},"end":{"line":129,"column":69}},"40":{"start":{"line":129,"column":69},"end":{"line":129,"column":83}}},"fnMap":{"0":{"name":"(anonymous_0)","decl":{"start":{"line":7,"column":32},"end":{"line":7,"column":33}},"loc":{"start":{"line":7,"column":64},"end":{"line":134,"column":1}},"line":7},"1":{"name":"(anonymous_1)","decl":{"start":{"line":8,"column":28},"end":{"line":8,"column":29}},"loc":{"start":{"line":8,"column":39},"end":{"line":8,"column":44}},"line":8},"2":{"name":"(anonymous_2)","decl":{"start":{"line":18,"column":18},"end":{"line":18,"column":19}},"loc":{"start":{"line":18,"column":72},"end":{"line":20,"column":3}},"line":18},"3":{"name":"(anonymous_3)","decl":{"start":{"line":22,"column":31},"end":{"line":22,"column":32}},"loc":{"start":{"line":22,"column":38},"end":{"line":24,"column":3}},"line":22},"4":{"name":"(anonymous_4)","decl":{"start":{"line":26,"column":28},"end":{"line":26,"column":29}},"loc":{"start":{"line":26,"column":35},"end":{"line":28,"column":3}},"line":26},"5":{"name":"(anonymous_5)","decl":{"start":{"line":29,"column":27},"end":{"line":29,"column":28}},"loc":{"start":{"line":29,"column":34},"end":{"line":31,"column":3}},"line":29},"6":{"name":"(anonymous_6)","decl":{"start":{"line":33,"column":27},"end":{"line":33,"column":28}},"loc":{"start":{"line":33,"column":34},"end":{"line":36,"column":3}},"line":33},"7":{"name":"(anonymous_7)","decl":{"start":{"line":91,"column":76},"end":{"line":91,"column":77}},"loc":{"start":{"line":91,"column":83},"end":{"line":91,"column":107}},"line":91},"8":{"name":"(anonymous_8)","decl":{"start":{"line":94,"column":75},"end":{"line":94,"column":76}},"loc":{"start":{"line":94,"column":82},"end":{"line":94,"column":105}},"line":94},"9":{"name":"(anonymous_9)","decl":{"start":{"line":100,"column":76},"end":{"line":100,"column":77}},"loc":{"start":{"line":100,"column":82},"end":{"line":128,"column":13}},"line":100},"10":{"name":"(anonymous_10)","decl":{"start":{"line":121,"column":20},"end":{"line":121,"column":21}},"loc":{"start":{"line":121,"column":34},"end":{"line":121,"column":49}},"line":121},"11":{"name":"(anonymous_11)","decl":{"start":{"line":122,"column":20},"end":{"line":122,"column":21}},"loc":{"start":{"line":122,"column":30},"end":{"line":124,"column":15}},"line":122},"12":{"name":"(anonymous_12)","decl":{"start":{"line":125,"column":21},"end":{"line":125,"column":22}},"loc":{"start":{"line":125,"column":32},"end":{"line":127,"column":15}},"line":125},"13":{"name":"(anonymous_13)","decl":{"start":{"line":129,"column":50},"end":{"line":129,"column":51}},"loc":{"start":{"line":129,"column":54},"end":{"line":129,"column":84}},"line":129}},"branchMap":{},"s":{"0":1,"1":0,"2":0,"3":0,"4":0,"5":0,"6":0,"7":0,"8":0,"9":0,"10":0,"11":0,"12":0,"13":0,"14":0,"15":0,"16":0,"17":0,"18":0,"19":0,"20":0,"21":0,"22":0,"23":0,"24":0,"25":0,"26":0,"27":0,"28":0,"29":0,"30":0,"31":0,"32":0,"33":0,"34":0,"35":0,"36":0,"37":0,"38":0,"39":0,"40":0},"f":{"0":0,"1":0,"2":0,"3":0,"4":0,"5":0,"6":0,"7":0,"8":0,"9":0,"10":0,"11":0,"12":0,"13":0},"b":{},"_coverageSchema":"1a1c01bbd47fc00a2c39e90264f33305004495a9","hash":"00f38a2e1bf23127c2ca186f529441d1c3ad886a"}
,"/Users/derekokuno/codesmith/SoloProjectVirtualWardrobe/src/constants/actionTypes.js": {"path":"/Users/derekokuno/codesmith/SoloProjectVirtualWardrobe/src/constants/actionTypes.js","statementMap":{"0":{"start":{"line":1,"column":29},"end":{"line":1,"column":44}},"1":{"start":{"line":3,"column":30},"end":{"line":3,"column":46}},"2":{"start":{"line":5,"column":40},"end":{"line":5,"column":66}},"3":{"start":{"line":7,"column":38},"end":{"line":7,"column":62}},"4":{"start":{"line":9,"column":24},"end":{"line":9,"column":34}},"5":{"start":{"line":11,"column":26},"end":{"line":11,"column":38}},"6":{"start":{"line":13,"column":27},"end":{"line":13,"column":40}}},"fnMap":{},"branchMap":{},"s":{"0":1,"1":1,"2":1,"3":1,"4":1,"5":1,"6":1},"f":{},"b":{},"_coverageSchema":"1a1c01bbd47fc00a2c39e90264f33305004495a9","hash":"e9e9def85561e793f59dfb73ed5d78bd8c967faf"}
}
