TN:
SF:server/authConfig.js
FN:13,(anonymous_0)
FN:24,(anonymous_1)
FN:28,(anonymous_2)
FN:33,findOrCreate
FNF:4
FNH:0
FNDA:0,(anonymous_0)
FNDA:0,(anonymous_1)
FNDA:0,(anonymous_2)
FNDA:0,findOrCreate
DA:1,3
DA:2,3
DA:3,3
DA:5,3
DA:17,0
DA:18,0
DA:19,0
DA:24,3
DA:25,0
DA:28,3
DA:29,0
DA:34,0
DA:36,0
DA:39,0
DA:40,0
DA:43,0
DA:44,0
DA:45,0
DA:48,0
LF:19
LH:6
BRDA:39,0,0,0
BRDA:39,0,1,0
BRF:2
BRH:0
end_of_record
TN:
SF:server/controllers.js
FN:3,(anonymous_0)
FN:4,(anonymous_1)
FN:14,(anonymous_2)
FN:59,(anonymous_3)
FN:74,(anonymous_4)
FN:90,(anonymous_5)
FN:91,(anonymous_6)
FN:100,(anonymous_7)
FN:117,(anonymous_8)
FNF:9
FNH:9
FNDA:1,(anonymous_0)
FNDA:1,(anonymous_1)
FNDA:1,(anonymous_2)
FNDA:2,(anonymous_3)
FNDA:2,(anonymous_4)
FNDA:2,(anonymous_5)
FNDA:2,(anonymous_6)
FNDA:1,(anonymous_7)
FNDA:2,(anonymous_8)
DA:1,3
DA:3,3
DA:4,1
DA:5,1
DA:6,0
DA:7,0
DA:9,1
DA:14,3
DA:15,1
DA:16,0
DA:18,1
DA:19,0
DA:29,0
DA:30,0
DA:31,0
DA:33,0
DA:34,0
DA:39,1
DA:49,1
DA:50,1
DA:51,1
DA:53,0
DA:54,0
DA:59,3
DA:60,2
DA:61,2
DA:62,2
DA:63,2
DA:64,1
DA:66,1
DA:69,0
DA:70,0
DA:74,3
DA:75,2
DA:77,2
DA:78,2
DA:80,2
DA:81,1
DA:83,1
DA:85,0
DA:86,0
DA:90,3
DA:91,2
DA:92,2
DA:93,0
DA:95,2
DA:100,3
DA:101,1
DA:102,0
DA:104,1
DA:108,1
DA:109,1
DA:110,1
DA:112,0
DA:113,0
DA:117,3
DA:118,2
DA:119,2
DA:120,2
DA:121,2
DA:122,1
DA:124,1
DA:126,0
DA:127,0
DA:132,3
LF:65
LH:44
BRDA:5,0,0,0
BRDA:5,0,1,1
BRDA:15,1,0,0
BRDA:15,1,1,1
BRDA:15,2,0,1
BRDA:15,2,1,1
BRDA:18,3,0,0
BRDA:18,3,1,1
BRDA:63,4,0,1
BRDA:63,4,1,1
BRDA:80,5,0,1
BRDA:80,5,1,1
BRDA:92,6,0,0
BRDA:92,6,1,2
BRDA:101,7,0,0
BRDA:101,7,1,1
BRDA:121,8,0,1
BRDA:121,8,1,1
BRF:18
BRH:13
end_of_record
TN:
SF:server/mockData.js
FNF:0
FNH:0
DA:1,1
DA:2,1
LF:2
LH:2
BRF:0
BRH:0
end_of_record
TN:
SF:server/models.js
FNF:0
FNH:0
DA:1,3
DA:2,3
DA:4,3
DA:8,3
DA:10,3
DA:20,3
DA:22,3
DA:26,3
DA:28,3
LF:9
LH:9
BRF:0
BRH:0
end_of_record
TN:
SF:server/router.js
FN:36,(anonymous_0)
FN:42,(anonymous_1)
FN:44,(anonymous_2)
FN:64,(anonymous_3)
FN:68,(anonymous_4)
FNF:5
FNH:0
FNDA:0,(anonymous_0)
FNDA:0,(anonymous_1)
FNDA:0,(anonymous_2)
FNDA:0,(anonymous_3)
FNDA:0,(anonymous_4)
DA:1,3
DA:2,3
DA:3,3
DA:4,3
DA:5,3
DA:6,3
DA:7,3
DA:8,3
DA:9,3
DA:18,3
DA:20,3
DA:22,3
DA:23,3
DA:24,3
DA:32,3
DA:33,3
DA:35,3
DA:36,3
DA:38,0
DA:40,0
DA:42,3
DA:43,0
DA:44,0
DA:45,0
DA:47,0
DA:51,3
DA:52,3
DA:55,3
DA:56,3
DA:57,3
DA:58,3
DA:60,3
DA:61,3
DA:62,3
DA:64,3
DA:65,0
DA:68,3
DA:69,0
DA:74,0
DA:75,0
DA:78,3
LF:41
LH:31
BRDA:45,0,0,0
BRDA:45,0,1,0
BRF:2
BRH:0
end_of_record
TN:
SF:src/actions/actions.js
FN:4,(anonymous_0)
FN:9,(anonymous_1)
FN:13,(anonymous_2)
FN:18,(anonymous_3)
FN:28,(anonymous_4)
FN:33,(anonymous_5)
FNF:6
FNH:0
FNDA:0,(anonymous_0)
FNDA:0,(anonymous_1)
FNDA:0,(anonymous_2)
FNDA:0,(anonymous_3)
FNDA:0,(anonymous_4)
FNDA:0,(anonymous_5)
DA:4,1
DA:9,1
DA:13,1
DA:18,1
DA:28,1
DA:33,1
LF:6
LH:6
BRF:0
BRH:0
end_of_record
TN:
SF:src/components/Header.jsx
FN:6,(anonymous_0)
FN:11,(anonymous_1)
FN:14,(anonymous_2)
FN:67,(anonymous_3)
FNF:4
FNH:0
FNDA:0,(anonymous_0)
FNDA:0,(anonymous_1)
FNDA:0,(anonymous_2)
FNDA:0,(anonymous_3)
DA:6,1
DA:8,0
DA:9,0
DA:11,0
DA:12,0
DA:14,0
DA:15,0
DA:19,0
DA:32,0
DA:46,0
DA:57,0
DA:67,0
DA:79,0
DA:97,0
DA:109,0
DA:110,0
DA:124,0
DA:125,0
LF:18
LH:1
BRDA:67,0,0,0
BRDA:67,0,1,0
BRDA:109,1,0,0
BRDA:109,1,1,0
BRDA:117,2,0,0
BRDA:117,2,1,0
BRDA:124,3,0,0
BRDA:124,3,1,0
BRDA:132,4,0,0
BRDA:132,4,1,0
BRF:10
BRH:0
end_of_record
TN:
SF:src/components/ItemCreatorModal.jsx
FN:7,(anonymous_0)
FN:8,(anonymous_1)
FN:18,(anonymous_2)
FN:22,(anonymous_3)
FN:26,(anonymous_4)
FN:29,(anonymous_5)
FN:33,(anonymous_6)
FN:91,(anonymous_7)
FN:94,(anonymous_8)
FN:100,(anonymous_9)
FN:121,(anonymous_10)
FN:122,(anonymous_11)
FN:125,(anonymous_12)
FN:129,(anonymous_13)
FNF:14
FNH:0
FNDA:0,(anonymous_0)
FNDA:0,(anonymous_1)
FNDA:0,(anonymous_2)
FNDA:0,(anonymous_3)
FNDA:0,(anonymous_4)
FNDA:0,(anonymous_5)
FNDA:0,(anonymous_6)
FNDA:0,(anonymous_7)
FNDA:0,(anonymous_8)
FNDA:0,(anonymous_9)
FNDA:0,(anonymous_10)
FNDA:0,(anonymous_11)
FNDA:0,(anonymous_12)
FNDA:0,(anonymous_13)
DA:7,1
DA:8,0
DA:9,0
DA:11,0
DA:12,0
DA:13,0
DA:14,0
DA:15,0
DA:16,0
DA:18,0
DA:19,0
DA:22,0
DA:23,0
DA:26,0
DA:27,0
DA:29,0
DA:30,0
DA:33,0
DA:34,0
DA:35,0
DA:38,0
DA:91,0
DA:94,0
DA:102,0
DA:104,0
DA:106,0
DA:108,0
DA:109,0
DA:110,0
DA:111,0
DA:112,0
DA:113,0
DA:114,0
DA:115,0
DA:117,0
DA:121,0
DA:123,0
DA:126,0
DA:129,0
LF:39
LH:1
BRF:0
BRH:0
end_of_record
TN:
SF:src/constants/actionTypes.js
FNF:0
FNH:0
DA:1,1
DA:3,1
DA:5,1
DA:7,1
DA:9,1
DA:11,1
DA:13,1
LF:7
LH:7
BRF:0
BRH:0
end_of_record
